<?xml version="1.0" encoding="UTF-8"?>
<testsuite name="TetrisGridTest" tests="3" skipped="0" failures="0" errors="0" timestamp="2023-03-20T02:13:04" hostname="LAPTOP-GFDB5TP5" time="0.032">
  <properties/>
  <testcase name="testClear1()" classname="TetrisGridTest" time="0.023"/>
  <testcase name="testClear2()" classname="TetrisGridTest" time="0.003"/>
  <testcase name="testClear3()" classname="TetrisGridTest" time="0.001"/>
  <system-out><![CDATA[]]></system-out>
  <system-err><![CDATA[]]></system-err>
</testsuite>
